<?xml version="1.0" encoding="UTF-8"?>
<!-- Generated by org.testng.reporters.JUnitReportReporter -->
<testsuite name="tests.imail.Imail_Module" tests="15" time="567.629" ignored="9" failures="0" timestamp="11 Nov 2019 11:07:54 GMT" skipped="0" hostname="DESKTOP-PDO9TDI" errors="0">
  <testcase name="TC09_Admin_External_Check_MailMarkAsFavourites" time="39.358" classname="tests.imail.Imail_Module"/>
  <testcase name="TC13_Admin_Internal_verifyUI" time="17.055" classname="tests.imail.Imail_Module"/>
  <testcase name="TC10_Admin_External_Check_MailSetAsItemFlag" time="40.266" classname="tests.imail.Imail_Module"/>
  <testcase name="TC15_Admin_Internal_verify_SortingFilterByDate" time="16.064" classname="tests.imail.Imail_Module"/>
  <testcase name="TC22_Admin_Internal_Check_Mail_Archive" time="41.516" classname="tests.imail.Imail_Module"/>
  <testcase name="TC21_Admin_Internal_Check_Mail_BlockItem" time="39.417" classname="tests.imail.Imail_Module"/>
  <testcase name="TC19_Admin_Internal_Check_MailMarkAsFavourites" time="39.300" classname="tests.imail.Imail_Module"/>
  <testcase name="TC23_Admin_Internal_Check_GroupMessages" time="28.590" classname="tests.imail.Imail_Module"/>
  <testcase name="TC08_Admin_External_Check_MailMarkAsRead" time="37.957" classname="tests.imail.Imail_Module"/>
  <testcase name="TC20_Admin_Internal_Check_MailSetAsItemFlag" time="38.165" classname="tests.imail.Imail_Module"/>
  <testcase name="TC12_Admin_External_Check_Mail_Archive" time="41.035" classname="tests.imail.Imail_Module"/>
  <testcase name="TC17_Admin_Internal_ComposeNewMail_VerifyClient_Admin" time="96.801" classname="tests.imail.Imail_Module"/>
  <testcase name="TC14_Admin_Internal_verify_SearchFunctionlity" time="16.798" classname="tests.imail.Imail_Module"/>
  <testcase name="TC18_Admin_Internal_Check_MailMarkAsRead" time="36.969" classname="tests.imail.Imail_Module"/>
  <testcase name="TC11_Admin_External_Check_Mail_BlockItem" time="38.338" classname="tests.imail.Imail_Module"/>
  <testcase name="TC03_Admin_External_verify_SortingFilterBySelect" classname="tests.imail.Imail_Module">
    <skipped/>
  </testcase> <!-- TC03_Admin_External_verify_SortingFilterBySelect -->
  <testcase name="TC05_Admin_External_verify_SendDraftMail" classname="tests.imail.Imail_Module">
    <skipped/>
  </testcase> <!-- TC05_Admin_External_verify_SendDraftMail -->
  <testcase name="TC24_Admin_Internal_send_GroupMessages" classname="tests.imail.Imail_Module">
    <skipped/>
  </testcase> <!-- TC24_Admin_Internal_send_GroupMessages -->
  <testcase name="TC02_Admin_External_verify_SearchFunctionlity" classname="tests.imail.Imail_Module">
    <skipped/>
  </testcase> <!-- TC02_Admin_External_verify_SearchFunctionlity -->
  <testcase name="TC04_Admin_External_verify_SortingFilterByDate" classname="tests.imail.Imail_Module">
    <skipped/>
  </testcase> <!-- TC04_Admin_External_verify_SortingFilterByDate -->
  <testcase name="TC06_Admin_External_ComposeNewMail_Verify_ClientPortal" classname="tests.imail.Imail_Module">
    <skipped/>
  </testcase> <!-- TC06_Admin_External_ComposeNewMail_Verify_ClientPortal -->
  <testcase name="Admin_External_verifyUI" classname="tests.imail.Imail_Module">
    <skipped/>
  </testcase> <!-- Admin_External_verifyUI -->
  <testcase name="TC16_Admin_External_verify_SendDraftMail" classname="tests.imail.Imail_Module">
    <skipped/>
  </testcase> <!-- TC16_Admin_External_verify_SendDraftMail -->
  <testcase name="TC07_Admin_External_ComposeNewMailOnClientPortal_VerifyAdmin" classname="tests.imail.Imail_Module">
    <skipped/>
  </testcase> <!-- TC07_Admin_External_ComposeNewMailOnClientPortal_VerifyAdmin -->
</testsuite> <!-- tests.imail.Imail_Module -->
