<?xml version="1.0" encoding="UTF-8"?>
<!-- Generated by org.testng.reporters.JUnitReportReporter -->
<testsuite name="tests.planManagement.PlanManagementModule" tests="1" time="19.199" ignored="23" failures="0" timestamp="13 Nov 2019 12:30:15 GMT" skipped="0" hostname="DESKTOP-PDO9TDI" errors="0">
  <testcase name="TC24_PlanManagement_Approved_Invoices_Pagination" time="19.199" classname="tests.planManagement.PlanManagementModule"/>
  <testcase name="TC06_PlanManagement_toggle_between_Quantity_and_DollarValue" classname="tests.planManagement.PlanManagementModule">
    <skipped/>
  </testcase> <!-- TC06_PlanManagement_toggle_between_Quantity_and_DollarValue -->
  <testcase name="TC15_PlanManagement_Status_Links_Paid" classname="tests.planManagement.PlanManagementModule">
    <skipped/>
  </testcase> <!-- TC15_PlanManagement_Status_Links_Paid -->
  <testcase name="TC20_PlanManagement_Pending_Invoices_Pagination" classname="tests.planManagement.PlanManagementModule">
    <skipped/>
  </testcase> <!-- TC20_PlanManagement_Pending_Invoices_Pagination -->
  <testcase name="TC10_PlanManagement_Summary_Of_Invoices_search" classname="tests.planManagement.PlanManagementModule">
    <skipped/>
  </testcase> <!-- TC10_PlanManagement_Summary_Of_Invoices_search -->
  <testcase name="TC09_PlanManagement_Invoices_FollowUp" classname="tests.planManagement.PlanManagementModule">
    <skipped/>
  </testcase> <!-- TC09_PlanManagement_Invoices_FollowUp -->
  <testcase name="TC13_PlanManagement_Status_Links_Duplicate" classname="tests.planManagement.PlanManagementModule">
    <skipped/>
  </testcase> <!-- TC13_PlanManagement_Status_Links_Duplicate -->
  <testcase name="TC02_PlanManagement_Dashboard_PageContents" classname="tests.planManagement.PlanManagementModule">
    <skipped/>
  </testcase> <!-- TC02_PlanManagement_Dashboard_PageContents -->
  <testcase name="TC05_PlanManagement_Chart_For_Paid_Duplicate_Automated_Manual" classname="tests.planManagement.PlanManagementModule">
    <skipped/>
  </testcase> <!-- TC05_PlanManagement_Chart_For_Paid_Duplicate_Automated_Manual -->
  <testcase name="TC22_PlanManagement_Approved_Invoices_search" classname="tests.planManagement.PlanManagementModule">
    <skipped/>
  </testcase> <!-- TC22_PlanManagement_Approved_Invoices_search -->
  <testcase name="TC11_PlanManagement_Participants_Name_Link" classname="tests.planManagement.PlanManagementModule">
    <skipped/>
  </testcase> <!-- TC11_PlanManagement_Participants_Name_Link -->
  <testcase name="TC19_PlanManagement_Pending_Invoices_View" classname="tests.planManagement.PlanManagementModule">
    <skipped/>
  </testcase> <!-- TC19_PlanManagement_Pending_Invoices_View -->
  <testcase name="TC01_PlanManagement_Loginpage" classname="tests.planManagement.PlanManagementModule">
    <skipped/>
  </testcase> <!-- TC01_PlanManagement_Loginpage -->
  <testcase name="TC16_PlanManagement_Pending_Invoices_Page_Contents" classname="tests.planManagement.PlanManagementModule">
    <skipped/>
  </testcase> <!-- TC16_PlanManagement_Pending_Invoices_Page_Contents -->
  <testcase name="TC23_PlanManagement_Approved_Invoices_Button_ExportCSV" classname="tests.planManagement.PlanManagementModule">
    <skipped/>
  </testcase> <!-- TC23_PlanManagement_Approved_Invoices_Button_ExportCSV -->
  <testcase name="TC21_PlanManagement_Approved_Invoices_PageContents" classname="tests.planManagement.PlanManagementModule">
    <skipped/>
  </testcase> <!-- TC21_PlanManagement_Approved_Invoices_PageContents -->
  <testcase name="TC03_PlanManagement_fetchInvoice" classname="tests.planManagement.PlanManagementModule">
    <skipped/>
  </testcase> <!-- TC03_PlanManagement_fetchInvoice -->
  <testcase name="TC07_PlanManagement_check_for_Pending_Invoices" classname="tests.planManagement.PlanManagementModule">
    <skipped/>
  </testcase> <!-- TC07_PlanManagement_check_for_Pending_Invoices -->
  <testcase name="TC12_PlanManagement_Status_Links_pending" classname="tests.planManagement.PlanManagementModule">
    <skipped/>
  </testcase> <!-- TC12_PlanManagement_Status_Links_pending -->
  <testcase name="TC04_PlanManagement_PythonScript" classname="tests.planManagement.PlanManagementModule">
    <skipped/>
  </testcase> <!-- TC04_PlanManagement_PythonScript -->
  <testcase name="TC14_PlanManagement_Status_Links_Follow_Up" classname="tests.planManagement.PlanManagementModule">
    <skipped/>
  </testcase> <!-- TC14_PlanManagement_Status_Links_Follow_Up -->
  <testcase name="TC08_PlanManagement_check_for_Duplicate_Invoices" classname="tests.planManagement.PlanManagementModule">
    <skipped/>
  </testcase> <!-- TC08_PlanManagement_check_for_Duplicate_Invoices -->
  <testcase name="TC18_PlanManagement_Pending_Invoices_Searchfield" classname="tests.planManagement.PlanManagementModule">
    <skipped/>
  </testcase> <!-- TC18_PlanManagement_Pending_Invoices_Searchfield -->
  <testcase name="TC17_Invoices_RunPlanner" classname="tests.planManagement.PlanManagementModule">
    <skipped/>
  </testcase> <!-- TC17_Invoices_RunPlanner -->
</testsuite> <!-- tests.planManagement.PlanManagementModule -->
